1543683269915	mozrunner::runner	INFO	Running command: "C:\\Program Files\\Mozilla Firefox\\firefox.exe" "-marionette" "-headless" "-foreground" "-no-remote" "-profile" "C:\\Users\\Tom\\AppData\\Local\\Temp\\rust_mozprofile.Sb3lc3TDDkf3"
*** You are running in headless mode.
1543683271689	Marionette	INFO	Listening on port 61636
1543683272037	Marionette	WARN	TLS certificate errors will be ignored for this session
1543683272068	Marionette	DEBUG	[6442450945] Frame script loaded
1543683272070	Marionette	DEBUG	[6442450945] Frame script registered
1543683272086	Marionette	DEBUG	[6442450945] Received DOM event beforeunload for about:blank
1543683272219	Marionette	DEBUG	[6442450945] Received DOM event pagehide for about:blank
1543683272386	Marionette	DEBUG	[6442450945] Received DOM event DOMContentLoaded for https://www.my.bham.ac.uk/cp/home/displaylogin
JavaScript error: https://www.my.bham.ac.uk/cp/home/displaylogin, line 129: TypeError: document.getElementById(...) is null
1543683272634	Marionette	DEBUG	[6442450945] Received DOM event pageshow for https://www.my.bham.ac.uk/cp/home/displaylogin
1543683272706	Marionette	DEBUG	[6442450945] Received DOM event beforeunload for https://www.my.bham.ac.uk/cp/home/displaylogin
1543683272905	Marionette	DEBUG	[6442450945] Received DOM event pagehide for https://www.my.bham.ac.uk/cp/home/displaylogin
1543683272906	Marionette	DEBUG	[6442450945] Received DOM event unload for https://www.my.bham.ac.uk/cp/home/displaylogin
1543683272909	Marionette	DEBUG	[6442450945] Received DOM event beforeunload for https://www.my.bham.ac.uk/cps/welcome/loginok.html
1543683272911	Marionette	DEBUG	[6442450945] Received DOM event pageshow for https://www.my.bham.ac.uk/cps/welcome/loginok.html
1543683272923	Marionette	DEBUG	[6442450945] Received DOM event DOMContentLoaded for https://www.my.bham.ac.uk/cps/welcome/loginok.html
1543683273086	Marionette	DEBUG	[6442450945] Received DOM event unload for https://www.my.bham.ac.uk/cps/welcome/loginok.html
1543683273214	Marionette	DEBUG	[6442450945] Received DOM event DOMContentLoaded for https://www.my.bham.ac.uk/render.userLayoutRootNode.uP?uP_root=root
1543683274759	Marionette	DEBUG	[6442450945] Received DOM event pageshow for https://www.my.bham.ac.uk/render.userLayoutRootNode.uP?uP_root=root
1543683274854	Marionette	DEBUG	[6442450945] Received DOM event beforeunload for https://www.my.bham.ac.uk/render.userLayoutRootNode.uP?uP_root=root
1543683274905	Marionette	DEBUG	[6442450945] Received DOM event pagehide for https://www.my.bham.ac.uk/render.userLayoutRootNode.uP?uP_root=root
1543683274906	Marionette	DEBUG	[6442450945] Received DOM event unload for https://www.my.bham.ac.uk/render.userLayoutRootNode.uP?uP_root=root
1543683274956	Marionette	DEBUG	[6442450945] Received DOM event DOMContentLoaded for https://www.my.bham.ac.uk/tag.9deb2f49e947373a.render.userLayoutRootNode.uP?uP_root=root&uP_sparam=activeTab&activeTab=u12l1s5459&uP_tparam=frm&frm=
1543683274972	Marionette	DEBUG	[6442450945] Received observer notification outer-window-destroyed for 6442450956
1543683274973	Marionette	DEBUG	[6442450945] Received observer notification outer-window-destroyed for 6442450954
1543683274973	Marionette	DEBUG	[6442450945] Received observer notification outer-window-destroyed for 6442450951
1543683275123	Marionette	DEBUG	[6442450945] Received DOM event pageshow for https://www.my.bham.ac.uk/tag.9deb2f49e947373a.render.userLayoutRootNode.uP?uP_root=root&uP_sparam=activeTab&activeTab=u12l1s5459&uP_tparam=frm&frm=
1543683275142	Marionette	DEBUG	[6442450945] Received DOM event beforeunload for https://www.my.bham.ac.uk/tag.9deb2f49e947373a.render.userLayoutRootNode.uP?uP_root=root&uP_sparam=activeTab&activeTab=u12l1s5459&uP_tparam=frm&frm=
1543683275168	Marionette	DEBUG	[6442450945] Received DOM event pagehide for https://www.my.bham.ac.uk/tag.9deb2f49e947373a.render.userLayoutRootNode.uP?uP_root=root&uP_sparam=activeTab&activeTab=u12l1s5459&uP_tparam=frm&frm=
1543683275169	Marionette	DEBUG	[6442450945] Received DOM event unload for https://www.my.bham.ac.uk/tag.9deb2f49e947373a.render.userLayoutRootNode.uP?uP_root=root&uP_sparam=activeTab&activeTab=u12l1s5459&uP_tparam=frm&frm=
1543683275178	Marionette	DEBUG	[6442450945] Received DOM event DOMContentLoaded for https://www.my.bham.ac.uk/render.UserLayoutRootNode.uP?uP_tparam=utf&utf=%2fcp%2fip%2ftimeout%3fsys%3dwebtimetables%26url%3ddummyUrl
1543683275684	Marionette	DEBUG	[6442450945] Received DOM event pageshow for https://www.my.bham.ac.uk/render.UserLayoutRootNode.uP?uP_tparam=utf&utf=%2fcp%2fip%2ftimeout%3fsys%3dwebtimetables%26url%3ddummyUrl
1543683275694	Marionette	DEBUG	[6442450945] Received DOM event beforeunload for https://www.my.bham.ac.uk/render.UserLayoutRootNode.uP?uP_tparam=utf&utf=%2fcp%2fip%2ftimeout%3fsys%3dwebtimetables%26url%3ddummyUrl
1543683275737	Marionette	DEBUG	[6442450945] Received DOM event pagehide for https://www.my.bham.ac.uk/render.UserLayoutRootNode.uP?uP_tparam=utf&utf=%2fcp%2fip%2ftimeout%3fsys%3dwebtimetables%26url%3ddummyUrl
1543683275737	Marionette	DEBUG	[6442450945] Received DOM event unload for https://www.my.bham.ac.uk/render.UserLayoutRootNode.uP?uP_tparam=utf&utf=%2fcp%2fip%2ftimeout%3fsys%3dwebtimetables%26url%3ddummyUrl
1543683275770	Marionette	DEBUG	[6442450945] Received DOM event DOMContentLoaded for https://onlinetimetables.bham.ac.uk/Timetable/current_academic_year_2/default.aspx
1543683275773	Marionette	DEBUG	[6442450945] Received DOM event pageshow for https://onlinetimetables.bham.ac.uk/Timetable/current_academic_year_2/default.aspx
1543683275799	Marionette	DEBUG	[6442450945] Received DOM event beforeunload for https://onlinetimetables.bham.ac.uk/Timetable/current_academic_year_2/default.aspx
1543683275951	Marionette	DEBUG	[6442450945] Received DOM event pagehide for https://onlinetimetables.bham.ac.uk/Timetable/current_academic_year_2/default.aspx
1543683275952	Marionette	DEBUG	[6442450945] Received DOM event unload for https://onlinetimetables.bham.ac.uk/Timetable/current_academic_year_2/default.aspx
1543683275971	Marionette	DEBUG	[6442450945] Received DOM event DOMContentLoaded for https://onlinetimetables.bham.ac.uk/Timetable/current_academic_year_2/default.aspx
1543683275982	Marionette	DEBUG	[6442450945] Received DOM event pageshow for https://onlinetimetables.bham.ac.uk/Timetable/current_academic_year_2/default.aspx
1543683276006	Marionette	DEBUG	[6442450945] Received DOM event beforeunload for https://onlinetimetables.bham.ac.uk/Timetable/current_academic_year_2/default.aspx
1543683276170	Marionette	DEBUG	[6442450945] Received DOM event pagehide for https://onlinetimetables.bham.ac.uk/Timetable/current_academic_year_2/default.aspx
1543683276171	Marionette	DEBUG	[6442450945] Received DOM event unload for https://onlinetimetables.bham.ac.uk/Timetable/current_academic_year_2/default.aspx
1543683276185	Marionette	DEBUG	[6442450945] Received DOM event DOMContentLoaded for https://onlinetimetables.bham.ac.uk/Timetable/current_academic_year_2/default.aspx
1543683276191	Marionette	DEBUG	[6442450945] Received DOM event pageshow for https://onlinetimetables.bham.ac.uk/Timetable/current_academic_year_2/default.aspx
1543683277293	Marionette	DEBUG	[6442450945] Received DOM event beforeunload for https://onlinetimetables.bham.ac.uk/Timetable/current_academic_year_2/default.aspx
1543683277310	Marionette	DEBUG	[6442450945] Received DOM event pagehide for https://onlinetimetables.bham.ac.uk/Timetable/current_academic_year_2/default.aspx
1543683277310	Marionette	DEBUG	[6442450945] Received DOM event unload for https://onlinetimetables.bham.ac.uk/Timetable/current_academic_year_2/default.aspx
1543683277340	Marionette	DEBUG	[6442450945] Received DOM event DOMContentLoaded for https://onlinetimetables.bham.ac.uk/Timetable/current_academic_year_2/default.aspx
1543683277347	Marionette	DEBUG	[6442450945] Received DOM event pageshow for https://onlinetimetables.bham.ac.uk/Timetable/current_academic_year_2/default.aspx
1543683277591	Marionette	DEBUG	[6442450945] Canceled page load listener because no navigation has been detected
1543683277605	Marionette	DEBUG	[6442450945] Received DOM event beforeunload for https://onlinetimetables.bham.ac.uk/Timetable/current_academic_year_2/default.aspx
1543683279450	Marionette	DEBUG	[6442450945] Received DOM event pagehide for https://onlinetimetables.bham.ac.uk/Timetable/current_academic_year_2/default.aspx
1543683279451	Marionette	DEBUG	[6442450945] Received DOM event unload for https://onlinetimetables.bham.ac.uk/Timetable/current_academic_year_2/default.aspx
1543683279553	Marionette	DEBUG	[6442450945] Received DOM event DOMContentLoaded for https://onlinetimetables.bham.ac.uk/Timetable/current_academic_year_2/showtimetable.aspx
1543683279559	Marionette	DEBUG	[6442450945] Received DOM event pageshow for https://onlinetimetables.bham.ac.uk/Timetable/current_academic_year_2/showtimetable.aspx
1543683279578	Marionette	INFO	Stopped listening on port 61636
[Child 2248, Chrome_ChildThread] WARNING: pipe error: 109: file z:/build/build/src/ipc/chromium/src/chrome/common/ipc_channel_win.cc, line 346
[Child 2248, Chrome_ChildT[Child 19728, Chrome_ChildThread] WARNING: pipe error: 109: file z:/build/build/src/ipc/chromium/src/chrome/common/ipc_channel_win.cc, line 346
[Child 19728, Chrome_Ch[Child 21940, Chrome_ChildThread] WARNING: pipe error: 109: file z:/build/build/src/ipc/chromium/src/chrome/common/ipc_channel_win.cc, line 346
[Child 21940, ChrohildThread] WARNING: pipe error: 109: file z:/build/build/src/ipc/chromium/src/chrome/common/ipc_channel_win.cc, line 346
[Child 15708, C] WARNING: pipe error: 109: file z:/build/build/src/ipc/chromium/src/chrome/common/ipc_channel_win.cc, line 346
[Child 8824, Ch[GPU 23264, Ch
###!!! [Child][MessageChannel::SendAndWait] Error: Channel error: cannot send/recv

